<?xml version="1.0" encoding="UTF-8"?>
<testsuite name="com.omiyawaki.osrswiki.ExampleUnitTest" tests="2" skipped="0" failures="0" errors="0" timestamp="2025-08-14T19:56:39.105Z" hostname="mini" time="0.002">
  <properties/>
  <testcase name="appCodeIsReachable_ArticleParseApiResponse" classname="com.omiyawaki.osrswiki.ExampleUnitTest" time="0.002"/>
  <testcase name="addition_isCorrect" classname="com.omiyawaki.osrswiki.ExampleUnitTest" time="0.0"/>
  <system-out><![CDATA[]]></system-out>
  <system-err><![CDATA[]]></system-err>
</testsuite>
